[18:04:36] [main/INFO]: Setting user: sd
[18:04:36] [main/INFO]: (Session ID is token:5ce690d9e272428f9c9cff858dfaf6ad:2bb4921358a5a2766c724833862256f1)
[18:04:36] [Client thread/WARN]: Skipping bad option: key_key.attack:key.mouse.left
[18:04:36] [Client thread/WARN]: Skipping bad option: key_key.use:key.mouse.right
[18:04:36] [Client thread/WARN]: Skipping bad option: key_key.forward:key.keyboard.w
[18:04:36] [Client thread/WARN]: Skipping bad option: key_key.left:key.keyboard.a
[18:04:36] [Client thread/WARN]: Skipping bad option: key_key.back:key.keyboard.s
[18:04:36] [Client thread/WARN]: Skipping bad option: key_key.right:key.keyboard.d
[18:04:36] [Client thread/WARN]: Skipping bad option: key_key.jump:key.keyboard.space
[18:04:36] [Client thread/WARN]: Skipping bad option: key_key.sneak:key.keyboard.left.shift
[18:04:36] [Client thread/WARN]: Skipping bad option: key_key.sprint:key.keyboard.left.control
[18:04:36] [Client thread/WARN]: Skipping bad option: key_key.drop:key.keyboard.q
[18:04:36] [Client thread/WARN]: Skipping bad option: key_key.inventory:key.keyboard.e
[18:04:36] [Client thread/WARN]: Skipping bad option: key_key.chat:key.keyboard.t
[18:04:36] [Client thread/WARN]: Skipping bad option: key_key.playerlist:key.keyboard.tab
[18:04:36] [Client thread/WARN]: Skipping bad option: key_key.pickItem:key.mouse.middle
[18:04:36] [Client thread/WARN]: Skipping bad option: key_key.command:key.keyboard.slash
[18:04:36] [Client thread/WARN]: Skipping bad option: key_key.screenshot:key.keyboard.f2
[18:04:36] [Client thread/WARN]: Skipping bad option: key_key.togglePerspective:key.keyboard.f5
[18:04:36] [Client thread/WARN]: Skipping bad option: key_key.smoothCamera:key.keyboard.unknown
[18:04:36] [Client thread/WARN]: Skipping bad option: key_key.fullscreen:key.keyboard.f11
[18:04:36] [Client thread/WARN]: Skipping bad option: key_key.hotbar.1:key.keyboard.1
[18:04:36] [Client thread/WARN]: Skipping bad option: key_key.hotbar.2:key.keyboard.2
[18:04:36] [Client thread/WARN]: Skipping bad option: key_key.hotbar.3:key.keyboard.3
[18:04:36] [Client thread/WARN]: Skipping bad option: key_key.hotbar.4:key.keyboard.4
[18:04:36] [Client thread/WARN]: Skipping bad option: key_key.hotbar.5:key.keyboard.5
[18:04:36] [Client thread/WARN]: Skipping bad option: key_key.hotbar.6:key.keyboard.6
[18:04:36] [Client thread/WARN]: Skipping bad option: key_key.hotbar.7:key.keyboard.7
[18:04:36] [Client thread/WARN]: Skipping bad option: key_key.hotbar.8:key.keyboard.8
[18:04:36] [Client thread/WARN]: Skipping bad option: key_key.hotbar.9:key.keyboard.9
[18:04:36] [Client thread/INFO]: LWJGL Version: 2.9.1
[18:04:37] [Client thread/INFO]: Reloading ResourceManager: Default
[18:04:37] [Sound Library Loader/INFO]: Sound engine started
[18:04:38] [Client thread/INFO]: Created: 512x256 textures/blocks-atlas
[18:04:38] [Client thread/INFO]: Created: 256x256 textures/items-atlas
[18:04:40] [Client thread/INFO]: Stopping!
